<?xml version="1.0" encoding="UTF-8"?>
<testsuite name="ch.zhaw.ads.ADS10_3_test" tests="4" skipped="0" failures="0" errors="0" timestamp="2022-12-05T15:51:10" hostname="TABLET-TRPP7MLB" time="0.09">
  <properties/>
  <testcase name="testFind()" classname="ch.zhaw.ads.ADS10_3_test" time="0.076"/>
  <testcase name="testTrigramForName()" classname="ch.zhaw.ads.ADS10_3_test" time="0.007"/>
  <testcase name="testAddToTrigrams()" classname="ch.zhaw.ads.ADS10_3_test" time="0.001"/>
  <testcase name="testLoadNames()" classname="ch.zhaw.ads.ADS10_3_test" time="0.001"/>
  <system-out><![CDATA[]]></system-out>
  <system-err><![CDATA[]]></system-err>
</testsuite>
