<?xml version="1.0" encoding="UTF-8"?>
<testsuite name="ch.zhaw.ads.ADS2_4_test" tests="4" skipped="0" failures="0" errors="0" timestamp="2022-09-27T17:26:33" hostname="TABLET-TRPP7MLB" time="0.056">
  <properties/>
  <testcase name="testAdd()" classname="ch.zhaw.ads.ADS2_4_test" time="0.046"/>
  <testcase name="testMixed()" classname="ch.zhaw.ads.ADS2_4_test" time="0.003"/>
  <testcase name="testAdd2()" classname="ch.zhaw.ads.ADS2_4_test" time="0.001"/>
  <testcase name="testAdd3()" classname="ch.zhaw.ads.ADS2_4_test" time="0.002"/>
  <system-out><![CDATA[]]></system-out>
  <system-err><![CDATA[]]></system-err>
</testsuite>
