<?xml version="1.0" encoding="UTF-8"?>
<testsuite name="ch.zhaw.ads.ADS6_5_test" tests="1" skipped="0" failures="0" errors="0" timestamp="2022-11-07T14:24:04" hostname="TABLET-TRPP7MLB" time="0.067">
  <properties/>
  <testcase name="testMixed()" classname="ch.zhaw.ads.ADS6_5_test" time="0.067"/>
  <system-out><![CDATA[]]></system-out>
  <system-err><![CDATA[]]></system-err>
</testsuite>
