<?xml version="1.0" encoding="UTF-8"?>
<testsuite name="ch.zhaw.ads.ADS4_1_test" tests="2" skipped="0" failures="0" errors="0" timestamp="2022-10-24T16:05:11" hostname="TABLET-TRPP7MLB" time="0.035">
  <properties/>
  <testcase name="testCountEdges()" classname="ch.zhaw.ads.ADS4_1_test" time="0.027"/>
  <testcase name="testAngles()" classname="ch.zhaw.ads.ADS4_1_test" time="0.007"/>
  <system-out><![CDATA[]]></system-out>
  <system-err><![CDATA[]]></system-err>
</testsuite>
