<?xml version="1.0" encoding="UTF-8"?>
<testsuite name="ch.zhaw.ads.ADS7_4_test" tests="2" skipped="0" failures="0" errors="0" timestamp="2022-11-14T20:04:20" hostname="TABLET-TRPP7MLB" time="0.103">
  <properties/>
  <testcase name="testLuganoWinterthur()" classname="ch.zhaw.ads.ADS7_4_test" time="0.098"/>
  <testcase name="testWinterthurLugano()" classname="ch.zhaw.ads.ADS7_4_test" time="0.003"/>
  <system-out><![CDATA[]]></system-out>
  <system-err><![CDATA[]]></system-err>
</testsuite>
