<?xml version="1.0" encoding="UTF-8"?>
<testsuite name="ch.zhaw.ads.ADS8_3_test" tests="2" skipped="0" failures="0" errors="0" timestamp="2022-11-21T10:57:37" hostname="TABLET-TRPP7MLB" time="0.38">
  <properties/>
  <testcase name="testCreateGraph()" classname="ch.zhaw.ads.ADS8_3_test" time="0.034"/>
  <testcase name="testDrawLabyrinth()" classname="ch.zhaw.ads.ADS8_3_test" time="0.344"/>
  <system-out><![CDATA[]]></system-out>
  <system-err><![CDATA[]]></system-err>
</testsuite>
