<?xml version="1.0" encoding="UTF-8"?>
<testsuite name="ch.zhaw.ads.ADS11_3_test" tests="7" skipped="0" failures="0" errors="0" timestamp="2022-12-12T16:41:46" hostname="TABLET-TRPP7MLB" time="7.621">
  <properties/>
  <testcase name="testSelectionSort()" classname="ch.zhaw.ads.ADS11_3_test" time="0.139"/>
  <testcase name="testRandomData()" classname="ch.zhaw.ads.ADS11_3_test" time="0.003"/>
  <testcase name="testBubbleSort()" classname="ch.zhaw.ads.ADS11_3_test" time="0.203"/>
  <testcase name="testAscendingData()" classname="ch.zhaw.ads.ADS11_3_test" time="0.007"/>
  <testcase name="testDescendingData()" classname="ch.zhaw.ads.ADS11_3_test" time="0.005"/>
  <testcase name="testInsertionSort()" classname="ch.zhaw.ads.ADS11_3_test" time="0.046"/>
  <testcase name="testMeasureTime()" classname="ch.zhaw.ads.ADS11_3_test" time="7.205"/>
  <system-out><![CDATA[]]></system-out>
  <system-err><![CDATA[]]></system-err>
</testsuite>
