<?xml version="1.0" encoding="UTF-8"?>
<testsuite name="ch.zhaw.ads.ADS5_5_test" tests="1" skipped="0" failures="0" errors="0" timestamp="2022-10-31T15:57:58" hostname="TABLET-TRPP7MLB" time="0.065">
  <properties/>
  <testcase name="testInterval()" classname="ch.zhaw.ads.ADS5_5_test" time="0.065"/>
  <system-out><![CDATA[]]></system-out>
  <system-err><![CDATA[]]></system-err>
</testsuite>
