<?xml version="1.0" encoding="UTF-8"?>
<testsuite name="ch.zhaw.ads.ADS12_3_test" tests="4" skipped="0" failures="0" errors="0" timestamp="2022-12-19T10:25:25" hostname="TABLET-TRPP7MLB" time="0.08">
  <properties/>
  <testcase name="testRandomData()" classname="ch.zhaw.ads.ADS12_3_test" time="0.021"/>
  <testcase name="testAscendingData()" classname="ch.zhaw.ads.ADS12_3_test" time="0.008"/>
  <testcase name="testCompleteData()" classname="ch.zhaw.ads.ADS12_3_test" time="0.044"/>
  <testcase name="testDescendingData()" classname="ch.zhaw.ads.ADS12_3_test" time="0.002"/>
  <system-out><![CDATA[]]></system-out>
  <system-err><![CDATA[]]></system-err>
</testsuite>
