<?xml version="1.0" encoding="UTF-8"?>
<testsuite name="ch.zhaw.ads.ADS3_4_test" tests="1" skipped="0" failures="0" errors="0" timestamp="2022-10-04T12:27:16" hostname="TABLET-TRPP7MLB" time="0.12">
  <properties/>
  <testcase name="testCreateText()" classname="ch.zhaw.ads.ADS3_4_test" time="0.12"/>
  <system-out><![CDATA[]]></system-out>
  <system-err><![CDATA[]]></system-err>
</testsuite>
